[    2618ms] [INFO] %cDownload the React DevTools for a better development experience: https://react.dev/link/react-devtools font-weight:bold @ http://localhost:3000/_next/static/chunks/node_modules_next_dist_f3530cac._.js:2297
[    2733ms] [LOG] [HMR] connected @ http://localhost:3000/_next/static/chunks/node_modules_next_dist_f3530cac._.js:2297
[    2795ms] [LOG] [32m[Web Vitals] LCP: 2376.00 (good)[0m @ http://localhost:3000/_next/static/chunks/node_modules_next_dist_f3530cac._.js:2297
[    2796ms] [LOG] [32m[Web Vitals] CLS: 0.00 (good)[0m @ http://localhost:3000/_next/static/chunks/node_modules_next_dist_f3530cac._.js:2297
[    2796ms] [LOG] [31m[Web Vitals] TTFB: 1959.70 (poor)[0m @ http://localhost:3000/_next/static/chunks/node_modules_next_dist_f3530cac._.js:2297
[    2797ms] [LOG] [33m[Web Vitals] FCP: 2112.00 (needs-improvement)[0m @ http://localhost:3000/_next/static/chunks/node_modules_next_dist_f3530cac._.js:2297
[    2855ms] [WARNING] Image with src "https://pub-cf9450d27ca744f1825d1e08b392f592.r2.dev/branding/2026/02/1770644684164-logo-2.png" has either width or height modified, but not the other. If you use CSS to change the size of your image, also include the styles 'width: "auto"' or 'height: "auto"' to maintain the aspect ratio. @ http://localhost:3000/_next/static/chunks/node_modules_next_dist_f3530cac._.js:2297
[    3182ms] [LOG] [32m[Web Vitals] INP: 32.00 (good)[0m @ http://localhost:3000/_next/static/chunks/node_modules_next_dist_f3530cac._.js:2297
[    3214ms] [LOG] [32m[Web Vitals] INP: 40.00 (good)[0m @ http://localhost:3000/_next/static/chunks/node_modules_next_dist_f3530cac._.js:2297
[    3670ms] [LOG] [31m[Web Vitals] CLS: 0.30 (poor)[0m @ http://localhost:3000/_next/static/chunks/node_modules_next_dist_f3530cac._.js:2297
[    3721ms] [LOG] [32m[Web Vitals] INP: 64.00 (good)[0m @ http://localhost:3000/_next/static/chunks/node_modules_next_dist_f3530cac._.js:2297
[    3723ms] [LOG] [33m[Web Vitals] LCP: 3696.00 (needs-improvement)[0m @ http://localhost:3000/_next/static/chunks/node_modules_next_dist_f3530cac._.js:2297
[    3923ms] [ERROR] Failed to load resource: the server responded with a status of 400 () @ https://ad.doubleclick.net/ccm/s/collect?auid=475373621.1778768919&gtm=45je65r2v9107977153za200zd9107977153xec:0
[    4430ms] [LOG] [31m[Web Vitals] TTFB: 1959.70 (poor)[0m @ http://localhost:3000/_next/static/chunks/node_modules_next_dist_f3530cac._.js:2297
[    4440ms] [ERROR] Failed to load resource: net::ERR_TOO_MANY_REDIRECTS @ http://localhost:3000/icon?8e3f56f49ddcd161=:0
[    4493ms] [LOG] [31m[Web Vitals] LCP: 4460.00 (poor)[0m @ http://localhost:3000/_next/static/chunks/node_modules_next_dist_f3530cac._.js:2297
[    4493ms] [WARNING] Image with src "https://pub-cf9450d27ca744f1825d1e08b392f592.r2.dev/wp-content/uploads/2023/03/24832324111_bf15191b09_b.jpg" was detected as the Largest Contentful Paint (LCP). Please add the `loading="eager"` property if this image is above the fold.
Read more: https://nextjs.org/docs/app/api-reference/components/image#loading @ http://localhost:3000/_next/static/chunks/node_modules_next_dist_f3530cac._.js:2297
[    4665ms] [LOG] [Fast Refresh] rebuilding @ http://localhost:3000/_next/static/chunks/node_modules_next_dist_f3530cac._.js:2297
[    5183ms] [LOG] [Fast Refresh] done in 621ms @ http://localhost:3000/_next/static/chunks/node_modules_next_dist_f3530cac._.js:2297
[    5298ms] [LOG] [32m[Web Vitals] FID: 3.10 (good)[0m @ http://localhost:3000/_next/static/chunks/node_modules_next_dist_f3530cac._.js:2297
[    8338ms] [WARNING] The resource https://pub-cf9450d27ca744f1825d1e08b392f592.r2.dev/wp-content/uploads/2024/07/kilitrekkers.webp was preloaded using link preload but not used within a few seconds from the window's load event. Please make sure it has an appropriate `as` value and it is preloaded intentionally. @ http://localhost:3000/is-there-snow-in-africa-mountains/:0
