[    7113ms] [INFO] %cDownload the React DevTools for a better development experience: https://react.dev/link/react-devtools font-weight:bold @ http://localhost:3000/_next/static/chunks/node_modules_next_dist_f3530cac._.js:2297
[    7252ms] [LOG] [HMR] connected @ http://localhost:3000/_next/static/chunks/node_modules_next_dist_f3530cac._.js:2297
[    7333ms] [LOG] [31m[Web Vitals] TTFB: 6892.10 (poor)[0m @ http://localhost:3000/_next/static/chunks/node_modules_next_dist_f3530cac._.js:2297
[    8127ms] [LOG] [32m[Web Vitals] CLS: 0.00 (good)[0m @ http://localhost:3000/_next/static/chunks/node_modules_next_dist_f3530cac._.js:2297
[    8200ms] [WARNING] Image with src "https://pub-cf9450d27ca744f1825d1e08b392f592.r2.dev/branding/2026/02/1770644684164-logo-2.png" has either width or height modified, but not the other. If you use CSS to change the size of your image, also include the styles 'width: "auto"' or 'height: "auto"' to maintain the aspect ratio. @ http://localhost:3000/_next/static/chunks/node_modules_next_dist_f3530cac._.js:2297
[    9696ms] [ERROR] Encountered two children with the same key, `%s`. Keys should be unique so that components maintain their identity across updates. Non-unique keys may cause children to be duplicated and/or omitted — the behavior is unsupported and could change in a future version. kilimanjaro @ http://localhost:3000/_next/static/chunks/node_modules_next_dist_f3530cac._.js:3127
[    9696ms] [ERROR] Encountered two children with the same key, `%s`. Keys should be unique so that components maintain their identity across updates. Non-unique keys may cause children to be duplicated and/or omitted — the behavior is unsupported and could change in a future version. everest-base-camp @ http://localhost:3000/_next/static/chunks/node_modules_next_dist_f3530cac._.js:3127
[    9697ms] [ERROR] Encountered two children with the same key, `%s`. Keys should be unique so that components maintain their identity across updates. Non-unique keys may cause children to be duplicated and/or omitted — the behavior is unsupported and could change in a future version. everest-summit @ http://localhost:3000/_next/static/chunks/node_modules_next_dist_f3530cac._.js:3127
[    9698ms] [ERROR] Encountered two children with the same key, `%s`. Keys should be unique so that components maintain their identity across updates. Non-unique keys may cause children to be duplicated and/or omitted — the behavior is unsupported and could change in a future version. kilimanjaro @ http://localhost:3000/_next/static/chunks/node_modules_next_dist_f3530cac._.js:3127
[    9698ms] [ERROR] Encountered two children with the same key, `%s`. Keys should be unique so that components maintain their identity across updates. Non-unique keys may cause children to be duplicated and/or omitted — the behavior is unsupported and could change in a future version. everest-base-camp @ http://localhost:3000/_next/static/chunks/node_modules_next_dist_f3530cac._.js:3127
[    9698ms] [ERROR] Encountered two children with the same key, `%s`. Keys should be unique so that components maintain their identity across updates. Non-unique keys may cause children to be duplicated and/or omitted — the behavior is unsupported and could change in a future version. everest-summit @ http://localhost:3000/_next/static/chunks/node_modules_next_dist_f3530cac._.js:3127
[    9699ms] [ERROR] Encountered two children with the same key, `%s`. Keys should be unique so that components maintain their identity across updates. Non-unique keys may cause children to be duplicated and/or omitted — the behavior is unsupported and could change in a future version. kilimanjaro @ http://localhost:3000/_next/static/chunks/node_modules_next_dist_f3530cac._.js:3127
[    9699ms] [ERROR] Encountered two children with the same key, `%s`. Keys should be unique so that components maintain their identity across updates. Non-unique keys may cause children to be duplicated and/or omitted — the behavior is unsupported and could change in a future version. everest-base-camp @ http://localhost:3000/_next/static/chunks/node_modules_next_dist_f3530cac._.js:3127
[    9699ms] [ERROR] Encountered two children with the same key, `%s`. Keys should be unique so that components maintain their identity across updates. Non-unique keys may cause children to be duplicated and/or omitted — the behavior is unsupported and could change in a future version. everest-summit @ http://localhost:3000/_next/static/chunks/node_modules_next_dist_f3530cac._.js:3127
[   10266ms] [LOG] [31m[Web Vitals] CLS: 0.30 (poor)[0m @ http://localhost:3000/_next/static/chunks/node_modules_next_dist_f3530cac._.js:2297
[   15153ms] [LOG] [Fast Refresh] rebuilding @ http://localhost:3000/_next/static/chunks/node_modules_next_dist_f3530cac._.js:2297
[   15917ms] [LOG] [Fast Refresh] done in 870ms @ http://localhost:3000/_next/static/chunks/node_modules_next_dist_f3530cac._.js:2297
[   15940ms] [LOG] [31m[Web Vitals] TTFB: 6892.10 (poor)[0m @ http://localhost:3000/_next/static/chunks/node_modules_next_dist_f3530cac._.js:2297
[   15985ms] [ERROR] Failed to load resource: net::ERR_TOO_MANY_REDIRECTS @ http://localhost:3000/icon?8e3f56f49ddcd161=:0
[   19007ms] [WARNING] The resource https://pub-cf9450d27ca744f1825d1e08b392f592.r2.dev/wp-content/uploads/2024/07/kilitrekkers.webp was preloaded using link preload but not used within a few seconds from the window's load event. Please make sure it has an appropriate `as` value and it is preloaded intentionally. @ http://localhost:3000/kilimanjaro-vs-everest/:0
[   90099ms] [LOG] [Fast Refresh] rebuilding @ http://localhost:3000/_next/static/chunks/node_modules_next_dist_f3530cac._.js:2297
[   90115ms] [LOG] [Fast Refresh] done in 129ms @ http://localhost:3000/_next/static/chunks/node_modules_next_dist_f3530cac._.js:2297
