[    1618ms] [INFO] %cDownload the React DevTools for a better development experience: https://react.dev/link/react-devtools font-weight:bold @ http://localhost:3000/_next/static/chunks/node_modules_next_dist_f3530cac._.js:2297
[    1877ms] [LOG] [HMR] connected @ http://localhost:3000/_next/static/chunks/node_modules_next_dist_f3530cac._.js:2297
[    2245ms] [LOG] [32m[Web Vitals] LCP: 1672.00 (good)[0m @ http://localhost:3000/_next/static/chunks/node_modules_next_dist_f3530cac._.js:2297
[    2247ms] [LOG] [32m[Web Vitals] CLS: 0.01 (good)[0m @ http://localhost:3000/_next/static/chunks/node_modules_next_dist_f3530cac._.js:2297
[    2248ms] [LOG] [33m[Web Vitals] TTFB: 1288.30 (needs-improvement)[0m @ http://localhost:3000/_next/static/chunks/node_modules_next_dist_f3530cac._.js:2297
[    2248ms] [LOG] [32m[Web Vitals] FCP: 1672.00 (good)[0m @ http://localhost:3000/_next/static/chunks/node_modules_next_dist_f3530cac._.js:2297
[    2482ms] [WARNING] Image with src "https://pub-cf9450d27ca744f1825d1e08b392f592.r2.dev/wp-content/uploads/2024/07/kilitrekkers.webp" is using quality "85" which is not configured in images.qualities [75]. Please update your config to [75, 85].
Read more: https://nextjs.org/docs/messages/next-image-unconfigured-qualities @ http://localhost:3000/_next/static/chunks/node_modules_next_dist_f3530cac._.js:2297
[    5130ms] [WARNING] The resource https://pub-cf9450d27ca744f1825d1e08b392f592.r2.dev/wp-content/uploads/2024/07/kilitrekkers.webp was preloaded using link preload but not used within a few seconds from the window's load event. Please make sure it has an appropriate `as` value and it is preloaded intentionally. @ http://localhost:3000/:0
[    7988ms] [LOG] [Fast Refresh] rebuilding @ http://localhost:3000/_next/static/chunks/node_modules_next_dist_f3530cac._.js:2297
[    8093ms] [LOG] [Fast Refresh] done in 218ms @ http://localhost:3000/_next/static/chunks/node_modules_next_dist_f3530cac._.js:2297
[    8264ms] [WARNING] The resource https://pub-cf9450d27ca744f1825d1e08b392f592.r2.dev/wp-content/uploads/2024/07/kilitrekkers.webp was preloaded using link preload but not used within a few seconds from the window's load event. Please make sure it has an appropriate `as` value and it is preloaded intentionally. @ http://localhost:3000/:0
[   50269ms] [LOG] [Fast Refresh] rebuilding @ http://localhost:3000/_next/static/chunks/node_modules_next_dist_f3530cac._.js:2297
[   50301ms] [LOG] [Fast Refresh] done in 138ms @ http://localhost:3000/_next/static/chunks/node_modules_next_dist_f3530cac._.js:2297
[  108675ms] [LOG] [Fast Refresh] rebuilding @ http://localhost:3000/_next/static/chunks/node_modules_next_dist_f3530cac._.js:2297
[  108871ms] [LOG] [Fast Refresh] done in 315ms @ http://localhost:3000/_next/static/chunks/node_modules_next_dist_f3530cac._.js:2297
[  116949ms] [LOG] [32m[Web Vitals] INP: 32.00 (good)[0m @ http://localhost:3000/_next/static/chunks/node_modules_next_dist_f3530cac._.js:2297
[  117033ms] [LOG] [32m[Web Vitals] INP: 40.00 (good)[0m @ http://localhost:3000/_next/static/chunks/node_modules_next_dist_f3530cac._.js:2297
[  117931ms] [LOG] [32m[Web Vitals] FID: 2.30 (good)[0m @ http://localhost:3000/_next/static/chunks/node_modules_next_dist_f3530cac._.js:2297
[  117932ms] [LOG] [33m[Web Vitals] INP: 256.00 (needs-improvement)[0m @ http://localhost:3000/_next/static/chunks/node_modules_next_dist_f3530cac._.js:2297
[  120109ms] [LOG] [Fast Refresh] rebuilding @ http://localhost:3000/_next/static/chunks/node_modules_next_dist_f3530cac._.js:2297
[  120373ms] [LOG] [Fast Refresh] done in 369ms @ http://localhost:3000/_next/static/chunks/node_modules_next_dist_f3530cac._.js:2297
[  120962ms] [WARNING] The resource https://pub-cf9450d27ca744f1825d1e08b392f592.r2.dev/wp-content/uploads/2024/07/kilitrekkers.webp was preloaded using link preload but not used within a few seconds from the window's load event. Please make sure it has an appropriate `as` value and it is preloaded intentionally. @ http://localhost:3000/:0
[  173644ms] [LOG] [Fast Refresh] rebuilding @ http://localhost:3000/_next/static/chunks/node_modules_next_dist_f3530cac._.js:2297
[  174040ms] [LOG] [Fast Refresh] done in 486ms @ http://localhost:3000/_next/static/chunks/node_modules_next_dist_f3530cac._.js:2297
[  174178ms] [LOG] [32m[Web Vitals] CLS: 0.07 (good)[0m @ http://localhost:3000/_next/static/chunks/node_modules_next_dist_f3530cac._.js:2297
[  174223ms] [LOG] [32m[Web Vitals] CLS: 0.09 (good)[0m @ http://localhost:3000/_next/static/chunks/node_modules_next_dist_f3530cac._.js:2297
[  177255ms] [WARNING] The resource https://pub-cf9450d27ca744f1825d1e08b392f592.r2.dev/wp-content/uploads/2024/07/kilitrekkers.webp was preloaded using link preload but not used within a few seconds from the window's load event. Please make sure it has an appropriate `as` value and it is preloaded intentionally. @ http://localhost:3000/:0
[  181446ms] [LOG] [Fast Refresh] rebuilding @ http://localhost:3000/_next/static/chunks/node_modules_next_dist_f3530cac._.js:2297
[  181674ms] [LOG] [Fast Refresh] done in 341ms @ http://localhost:3000/_next/static/chunks/node_modules_next_dist_f3530cac._.js:2297
