[     930ms] [ERROR] Failed to load resource: the server responded with a status of 404 (File not found) @ http://localhost:3003/_next/static/chunks/398e7d74d5cca743.css:0
[     931ms] [ERROR] Failed to load resource: the server responded with a status of 404 (File not found) @ http://localhost:3003/_next/static/chunks/b0013dc3918ed606.css:0
[     931ms] [ERROR] Failed to load resource: the server responded with a status of 404 (File not found) @ http://localhost:3003/_next/image/?url=https%3A%2F%2Fpub-cf9450d27ca744f1825d1e08b392f592.r2.dev%2Fwp-content%2Fuploads%2F2024%2F07%2Fkilitrekkers.webp&w=1080&q=75:0
[    1010ms] [ERROR] Failed to load resource: the server responded with a status of 404 (File not found) @ http://localhost:3003/_next/image/?url=https%3A%2F%2Fpub-cf9450d27ca744f1825d1e08b392f592.r2.dev%2Fbranding%2F2026%2F02%2F1771001254161-logo-2--1-.png&w=256&q=75:0
[    1011ms] [ERROR] Failed to load resource: the server responded with a status of 404 (File not found) @ http://localhost:3003/_next/static/media/1b99372b3eaef0c8-s.p.758e15a8.woff2:0
[    1011ms] [ERROR] Failed to load resource: the server responded with a status of 404 (File not found) @ http://localhost:3003/_next/static/media/c41ca59f1c34ba31-s.p.e20f337c.woff2:0
[    1012ms] [ERROR] Failed to load resource: the server responded with a status of 404 (File not found) @ http://localhost:3003/_next/static/chunks/102a67e358ac219f.js:0
[    1012ms] [ERROR] Failed to load resource: the server responded with a status of 404 (File not found) @ http://localhost:3003/_next/static/chunks/7b785bc6143ecc63.js:0
[    1012ms] [ERROR] Failed to load resource: the server responded with a status of 404 (File not found) @ http://localhost:3003/_next/static/chunks/319d2efe80571c36.js:0
[    1012ms] [ERROR] Failed to load resource: the server responded with a status of 404 (File not found) @ http://localhost:3003/_next/static/chunks/ddff2c68e46cf76d.js:0
[    1013ms] [ERROR] Failed to load resource: the server responded with a status of 404 (File not found) @ http://localhost:3003/_next/static/chunks/797fcb0710da3be2.js:0
[    1013ms] [ERROR] Failed to load resource: the server responded with a status of 404 (File not found) @ http://localhost:3003/_next/static/chunks/turbopack-d4d7fcbd63deec1c.js:0
[    1013ms] [ERROR] Failed to load resource: the server responded with a status of 404 (File not found) @ http://localhost:3003/_next/static/chunks/b26c063adafb8aa0.js:0
[    1013ms] [ERROR] Failed to load resource: the server responded with a status of 404 (File not found) @ http://localhost:3003/_next/static/chunks/dc87f536e2740ab5.js:0
[    1013ms] [ERROR] Failed to load resource: the server responded with a status of 404 (File not found) @ http://localhost:3003/_next/static/chunks/027196e31b11bb90.js:0
[    1013ms] [ERROR] Failed to load resource: the server responded with a status of 404 (File not found) @ http://localhost:3003/_next/static/chunks/73e3194f06db260e.js:0
[    1013ms] [ERROR] Failed to load resource: the server responded with a status of 404 (File not found) @ http://localhost:3003/_next/static/chunks/d96012bcfc98706a.js:0
[    1013ms] [ERROR] Failed to load resource: the server responded with a status of 404 (File not found) @ http://localhost:3003/_next/static/chunks/1b7493a5639419ee.js:0
[    1013ms] [ERROR] Failed to load resource: the server responded with a status of 404 (File not found) @ http://localhost:3003/_next/static/chunks/9a5ac164fb8ff9ee.js:0
[    1014ms] [ERROR] Failed to load resource: the server responded with a status of 404 (File not found) @ http://localhost:3003/_next/static/chunks/091b82603d793310.js:0
[    1014ms] [ERROR] Failed to load resource: the server responded with a status of 404 (File not found) @ http://localhost:3003/_next/static/chunks/4eb6c1b120ddd974.js:0
[    1200ms] [ERROR] Failed to load resource: the server responded with a status of 404 (File not found) @ http://localhost:3003/_next/static/chunks/14c7038258e9b7c2.js:0
[    1240ms] [ERROR] Failed to load resource: the server responded with a status of 404 (File not found) @ http://localhost:3003/_next/image/?url=https%3A%2F%2Fpub-cf9450d27ca744f1825d1e08b392f592.r2.dev%2Fwp-content%2Fuploads%2F2023%2F03%2F39339368385_20d92a678c_k.jpg&w=640&q=75:0
[    1386ms] [ERROR] Failed to load resource: the server responded with a status of 404 (File not found) @ http://localhost:3003/_next/image/?url=https%3A%2F%2Fpub-cf9450d27ca744f1825d1e08b392f592.r2.dev%2Froutes%2F2026%2F03%2F1774194108905-Machame-route-Map.jpeg&w=640&q=75:0
[    1387ms] [ERROR] Failed to load resource: the server responded with a status of 404 (File not found) @ http://localhost:3003/_next/image/?url=https%3A%2F%2Fpub-cf9450d27ca744f1825d1e08b392f592.r2.dev%2Fwp-content%2Fuploads%2F2023%2F03%2F5317393539_b3ff8d1d93_k.jpg&w=640&q=75:0
[    1387ms] [ERROR] Failed to load resource: the server responded with a status of 404 (File not found) @ http://localhost:3003/_next/image/?url=https%3A%2F%2Fpub-cf9450d27ca744f1825d1e08b392f592.r2.dev%2Fwp-content%2Fuploads%2F2023%2F03%2F5-days-Marangu-route.jpg&w=640&q=75:0
[    1388ms] [ERROR] Failed to load resource: the server responded with a status of 404 (File not found) @ http://localhost:3003/_next/image/?url=https%3A%2F%2Fpub-cf9450d27ca744f1825d1e08b392f592.r2.dev%2Fsafaris%2F2026%2F04%2F1776020632789-Food-Manyara-1.jpeg&w=640&q=75:0
[    1388ms] [ERROR] Failed to load resource: the server responded with a status of 404 (File not found) @ http://localhost:3003/_next/image/?url=https%3A%2F%2Fpub-cf9450d27ca744f1825d1e08b392f592.r2.dev%2Fwp-content%2Fuploads%2F2024%2F09%2FKwale-Island-q3hixrn6vumez8p4r8n0xtnsqincj7k0dg7q485hi8.jpg&w=640&q=75:0
[    1389ms] [ERROR] Failed to load resource: the server responded with a status of 404 (File not found) @ http://localhost:3003/_next/image/?url=https%3A%2F%2Fpub-cf9450d27ca744f1825d1e08b392f592.r2.dev%2Fwp-content%2Fuploads%2F2023%2F03%2FBanner-1920x768px5-2.webp&w=640&q=75:0
[    1389ms] [ERROR] Failed to load resource: the server responded with a status of 404 (File not found) @ http://localhost:3003/_next/image/?url=https%3A%2F%2Fpub-cf9450d27ca744f1825d1e08b392f592.r2.dev%2Fwp-content%2Fuploads%2F2023%2F03%2FDay-trips.jpg&w=384&q=75:0
[    1390ms] [ERROR] Failed to load resource: the server responded with a status of 404 (File not found) @ http://localhost:3003/_next/image/?url=https%3A%2F%2Fpub-cf9450d27ca744f1825d1e08b392f592.r2.dev%2Fwp-content%2Fuploads%2F2023%2F03%2FArusha-City-Day-Trip.jpg&w=384&q=75:0
[    1390ms] [ERROR] Failed to load resource: the server responded with a status of 404 (File not found) @ http://localhost:3003/_next/image/?url=https%3A%2F%2Fpub-cf9450d27ca744f1825d1e08b392f592.r2.dev%2Fwp-content%2Fuploads%2F2023%2F03%2FSerengeri-National-Park.jpg&w=384&q=75:0
[    1392ms] [ERROR] Failed to load resource: the server responded with a status of 404 (File not found) @ http://localhost:3003/_next/image/?url=https%3A%2F%2Fpub-cf9450d27ca744f1825d1e08b392f592.r2.dev%2Fwp-content%2Fuploads%2F2023%2F03%2F28939626580_da4be2e4b1_k.jpg&w=640&q=75:0
[    1392ms] [ERROR] Failed to load resource: the server responded with a status of 404 (File not found) @ http://localhost:3003/_next/image/?url=https%3A%2F%2Fpub-cf9450d27ca744f1825d1e08b392f592.r2.dev%2Fwp-content%2Fuploads%2F2023%2F03%2F32535628638_2be6219332_k-2.jpg&w=640&q=75:0
[    1393ms] [ERROR] Failed to load resource: the server responded with a status of 404 (File not found) @ http://localhost:3003/_next/image/?url=https%3A%2F%2Fpub-cf9450d27ca744f1825d1e08b392f592.r2.dev%2Fblog%2F2026%2F03%2F1773322472780-lemosho1--1-.jpeg&w=384&q=75:0
[    1393ms] [ERROR] Failed to load resource: the server responded with a status of 404 (File not found) @ http://localhost:3003/_next/image/?url=https%3A%2F%2Fpub-cf9450d27ca744f1825d1e08b392f592.r2.dev%2Fwp-content%2Fuploads%2F2023%2F03%2F5-days-Marangu-route.jpg&w=384&q=75:0
[    1394ms] [ERROR] Failed to load resource: the server responded with a status of 404 (File not found) @ http://localhost:3003/_next/image/?url=https%3A%2F%2Fpub-cf9450d27ca744f1825d1e08b392f592.r2.dev%2Fwp-content%2Fuploads%2F2024%2F05%2Fngorongoro-crater-ngorongoro-conservation-area.jpg&w=384&q=75:0
[    1394ms] [ERROR] Failed to load resource: the server responded with a status of 404 (File not found) @ http://localhost:3003/_next/image/?url=https%3A%2F%2Fpub-cf9450d27ca744f1825d1e08b392f592.r2.dev%2Fblog%2F2026%2F03%2F1773322643849-01TK5R-IM0001-kilimanjaro-rongai-5.jpeg&w=384&q=75:0
[    4538ms] [WARNING] The resource https://pub-cf9450d27ca744f1825d1e08b392f592.r2.dev/wp-content/uploads/2024/07/kilitrekkers.webp was preloaded using link preload but not used within a few seconds from the window's load event. Please make sure it has an appropriate `as` value and it is preloaded intentionally. @ http://localhost:3003/index.html:0
[    4539ms] [WARNING] The resource http://localhost:3003/_next/static/media/1b99372b3eaef0c8-s.p.758e15a8.woff2 was preloaded using link preload but not used within a few seconds from the window's load event. Please make sure it has an appropriate `as` value and it is preloaded intentionally. @ http://localhost:3003/index.html:0
[    4539ms] [WARNING] The resource http://localhost:3003/_next/static/media/c41ca59f1c34ba31-s.p.e20f337c.woff2 was preloaded using link preload but not used within a few seconds from the window's load event. Please make sure it has an appropriate `as` value and it is preloaded intentionally. @ http://localhost:3003/index.html:0
[    4539ms] [WARNING] The resource https://www.googletagmanager.com/gtag/js?id=G-56M3GQC18Q was preloaded using link preload but not used within a few seconds from the window's load event. Please make sure it has an appropriate `as` value and it is preloaded intentionally. @ http://localhost:3003/index.html:0
