[     133ms] [LOG] [Fast Refresh] rebuilding @ http://localhost:3000/_next/static/chunks/node_modules_next_dist_f3530cac._.js:2297
[     192ms] [LOG] [Fast Refresh] done in 165ms @ http://localhost:3000/_next/static/chunks/node_modules_next_dist_f3530cac._.js:2297
[     305ms] [LOG] [Fast Refresh] rebuilding @ http://localhost:3000/_next/static/chunks/node_modules_next_dist_f3530cac._.js:2297
[     463ms] [LOG] [Fast Refresh] done in 270ms @ http://localhost:3000/_next/static/chunks/node_modules_next_dist_f3530cac._.js:2297
[    1853ms] [INFO] %cDownload the React DevTools for a better development experience: https://react.dev/link/react-devtools font-weight:bold @ http://localhost:3000/_next/static/chunks/node_modules_next_dist_f3530cac._.js:2297
[    1907ms] [LOG] [HMR] connected @ http://localhost:3000/_next/static/chunks/node_modules_next_dist_f3530cac._.js:2297
[    2055ms] [LOG] [32m[Web Vitals] LCP: 1852.00 (good)[0m @ http://localhost:3000/_next/static/chunks/node_modules_next_dist_f3530cac._.js:2297
[    2056ms] [LOG] [33m[Web Vitals] TTFB: 1654.60 (needs-improvement)[0m @ http://localhost:3000/_next/static/chunks/node_modules_next_dist_f3530cac._.js:2297
[    2057ms] [LOG] [33m[Web Vitals] FCP: 1852.00 (needs-improvement)[0m @ http://localhost:3000/_next/static/chunks/node_modules_next_dist_f3530cac._.js:2297
[    2165ms] [LOG] [Fast Refresh] rebuilding @ http://localhost:3000/_next/static/chunks/node_modules_next_dist_f3530cac._.js:2297
[    2166ms] [LOG] [Fast Refresh] done in 168ms @ http://localhost:3000/_next/static/chunks/node_modules_next_dist_f3530cac._.js:2297
[    2290ms] [LOG] [Fast Refresh] rebuilding @ http://localhost:3000/_next/static/chunks/node_modules_next_dist_f3530cac._.js:2297
[    2495ms] [LOG] [Fast Refresh] done in 305ms @ http://localhost:3000/_next/static/chunks/node_modules_next_dist_f3530cac._.js:2297
[    5597ms] [LOG] [32m[Web Vitals] CLS: 0.00 (good)[0m @ http://localhost:3000/_next/static/chunks/node_modules_next_dist_f3530cac._.js:2297
[    5607ms] [LOG] [32m[Web Vitals] CLS: 0.00 (good)[0m @ http://localhost:3000/_next/static/chunks/node_modules_next_dist_f3530cac._.js:2297
[    5740ms] [LOG] [31m[Web Vitals] LCP: 5716.00 (poor)[0m @ http://localhost:3000/_next/static/chunks/node_modules_next_dist_f3530cac._.js:2297
[   10064ms] [LOG] [32m[Web Vitals] CLS: 0.01 (good)[0m @ http://localhost:3000/_next/static/chunks/node_modules_next_dist_f3530cac._.js:2297
[   13102ms] [WARNING] The resource https://pub-cf9450d27ca744f1825d1e08b392f592.r2.dev/wp-content/uploads/2024/07/kilitrekkers.webp was preloaded using link preload but not used within a few seconds from the window's load event. Please make sure it has an appropriate `as` value and it is preloaded intentionally. @ http://localhost:3000/how-hard-is-kilimanjaro/:0
[ 1959147ms] [LOG] [32m[Web Vitals] CLS: 0.01 (good)[0m @ http://localhost:3000/_next/static/chunks/node_modules_next_dist_f3530cac._.js:2297
[ 1959192ms] [LOG] [32m[Web Vitals] INP: 56.00 (good)[0m @ http://localhost:3000/_next/static/chunks/node_modules_next_dist_f3530cac._.js:2297
[ 1959942ms] [LOG] [31m[Web Vitals] LCP: 1959920.00 (poor)[0m @ http://localhost:3000/_next/static/chunks/node_modules_next_dist_f3530cac._.js:2297
[ 1962958ms] [WARNING] The resource https://pub-cf9450d27ca744f1825d1e08b392f592.r2.dev/wp-content/uploads/2024/07/kilitrekkers.webp was preloaded using link preload but not used within a few seconds from the window's load event. Please make sure it has an appropriate `as` value and it is preloaded intentionally. @ http://localhost:3000/how-hard-is-kilimanjaro/:0
